[0;34m[INFO] Starting project setup...[0m
[0;34m[INFO] Creating virtual environment...[0m
[0;32m[SUCCESS] Virtual environment created.[0m
[0;32m[SUCCESS] Virtual environment activated.[0m
[0;34m[INFO] Upgrading pip...[0m
Requirement already satisfied: pip in ./.venv/lib/python3.12/site-packages (24.0)
Collecting pip
  Downloading pip-26.1-py3-none-any.whl.metadata (4.6 kB)
Downloading pip-26.1-py3-none-any.whl (1.8 MB)
   ━━━━━━━━━━━━━━━━━━━━━━━━━━━━━━━━━━━━━━━━ 1.8/1.8 MB 20.1 MB/s eta 0:00:00
Installing collected packages: pip
  Attempting uninstall: pip
    Found existing installation: pip 24.0
    Uninstalling pip-24.0:
      Successfully uninstalled pip-24.0
Successfully installed pip-26.1
[0;32m[SUCCESS] pip upgraded successfully.[0m
[0;34m[INFO] Creating .gitignore...[0m
[0;32m[SUCCESS] .gitignore created.[0m
[0;34m[INFO] Installing required Python packages...[0m
Collecting pandas
  Downloading pandas-3.0.2-cp312-cp312-manylinux_2_24_x86_64.manylinux_2_28_x86_64.whl.metadata (79 kB)
Collecting requests
  Downloading requests-2.33.1-py3-none-any.whl.metadata (4.8 kB)
Collecting numpy>=1.26.0 (from pandas)
  Downloading numpy-2.4.4-cp312-cp312-manylinux_2_27_x86_64.manylinux_2_28_x86_64.whl.metadata (6.6 kB)
Collecting python-dateutil>=2.8.2 (from pandas)
  Downloading python_dateutil-2.9.0.post0-py2.py3-none-any.whl.metadata (8.4 kB)
Collecting charset_normalizer<4,>=2 (from requests)
  Downloading charset_normalizer-3.4.7-cp312-cp312-manylinux2014_x86_64.manylinux_2_17_x86_64.manylinux_2_28_x86_64.whl.metadata (40 kB)
Collecting idna<4,>=2.5 (from requests)
  Downloading idna-3.13-py3-none-any.whl.metadata (8.0 kB)
Collecting urllib3<3,>=1.26 (from requests)
  Downloading urllib3-2.6.3-py3-none-any.whl.metadata (6.9 kB)
Collecting certifi>=2023.5.7 (from requests)
  Downloading certifi-2026.4.22-py3-none-any.whl.metadata (2.5 kB)
Collecting six>=1.5 (from python-dateutil>=2.8.2->pandas)
  Downloading six-1.17.0-py2.py3-none-any.whl.metadata (1.7 kB)
Downloading pandas-3.0.2-cp312-cp312-manylinux_2_24_x86_64.manylinux_2_28_x86_64.whl (10.9 MB)
   ━━━━━━━━━━━━━━━━━━━━━━━━━━━━━━━━━━━━━━━━ 10.9/10.9 MB 47.8 MB/s  0:00:00
Downloading requests-2.33.1-py3-none-any.whl (64 kB)
Downloading charset_normalizer-3.4.7-cp312-cp312-manylinux2014_x86_64.manylinux_2_17_x86_64.manylinux_2_28_x86_64.whl (216 kB)
Downloading idna-3.13-py3-none-any.whl (68 kB)
Downloading urllib3-2.6.3-py3-none-any.whl (131 kB)
Downloading certifi-2026.4.22-py3-none-any.whl (135 kB)
Downloading numpy-2.4.4-cp312-cp312-manylinux_2_27_x86_64.manylinux_2_28_x86_64.whl (16.6 MB)
   ━━━━━━━━━━━━━━━━━━━━━━━━━━━━━━━━━━━━━━━━ 16.6/16.6 MB 134.8 MB/s  0:00:00
Downloading python_dateutil-2.9.0.post0-py2.py3-none-any.whl (229 kB)
Downloading six-1.17.0-py2.py3-none-any.whl (11 kB)
Installing collected packages: urllib3, six, numpy, idna, charset_normalizer, certifi, requests, python-dateutil, pandas

Successfully installed certifi-2026.4.22 charset_normalizer-3.4.7 idna-3.13 numpy-2.4.4 pandas-3.0.2 python-dateutil-2.9.0.post0 requests-2.33.1 six-1.17.0 urllib3-2.6.3
[0;32m[SUCCESS] Packages installed successfully.[0m
[0;32m[SUCCESS] Setup completed successfully![0m
